<?xml version="1.0" encoding="UTF-8"?>
<!-- Generated by org.testng.reporters.JUnitXMLReporter -->
<testsuite ignored="2" hostname="DESKTOP-29LRU9L" failures="0" tests="1" name="Default test" time="36.457" errors="0" timestamp="2025-12-25T11:21:45 IST">
  <testcase classname="com.demowebshop.TestCases.RegistrationTest" name="tc_ValidEmailIdandInvalidPassword" time="3.065"/>
  <testcase classname="com.demowebshop.TestCases.RegistrationTest" name="TC_Register_with_valid_data" time="0.0">
    <ignored/>
  </testcase> <!-- TC_Register_with_valid_data -->
  <testcase classname="com.demowebshop.TestCases.RegistrationTest" name="TC_All_MandatoryFieldsFilledCorrectly" time="0.0">
    <ignored/>
  </testcase> <!-- TC_All_MandatoryFieldsFilledCorrectly -->
</testsuite> <!-- Default test -->
