<?xml version="1.0" encoding="UTF-8"?>
<!-- Generated by org.testng.reporters.JUnitXMLReporter -->
<testsuite ignored="0" hostname="DESKTOP-29LRU9L" failures="0" tests="7" name="Default test" time="30.355" errors="0" timestamp="2026-01-02T13:15:04 IST">
  <testcase classname="com.demowebshop.TestCases.LoginTest" name="tc_LoginWithDataProvider" time="1.102"/>
  <testcase classname="com.demowebshop.TestCases.LoginTest" name="tc_LoginWithDataProvider" time="1.259"/>
  <testcase classname="com.demowebshop.TestCases.LoginTest" name="tc_LoginWithDataProvider" time="1.146"/>
  <testcase classname="com.demowebshop.TestCases.LoginTest" name="tc_LoginWithDataProvider" time="1.008"/>
  <testcase classname="com.demowebshop.TestCases.LoginTest" name="tc_LoginWithDataProvider" time="0.981"/>
  <testcase classname="com.demowebshop.TestCases.LoginTest" name="tc_LoginWithDataProvider" time="0.92"/>
  <testcase classname="com.demowebshop.TestCases.LoginTest" name="tc_LoginWithDataProvider" time="1.418"/>
</testsuite> <!-- Default test -->
