<?xml version="1.0" encoding="UTF-8"?>
<!-- Generated by org.testng.reporters.JUnitXMLReporter -->
<testsuite ignored="0" hostname="DESKTOP-29LRU9L" failures="0" tests="3" name="Registration" time="33.083" errors="0" timestamp="2025-12-27T12:26:34 IST">
  <testcase classname="com.demowebshop.TestCases.RegistrationTest" name="TC_Register_with_valid_data" time="2.875"/>
  <testcase classname="com.demowebshop.TestCases.RegistrationTest" name="TC_All_MandatoryFieldsFilledCorrectly" time="0.686"/>
  <testcase classname="com.demowebshop.TestCases.RegistrationTest" name="tc_ValidEmailIdandInvalidPassword" time="1.015"/>
</testsuite> <!-- Registration -->
