<?xml version="1.0" encoding="UTF-8"?>
<!-- Generated by org.testng.reporters.JUnitXMLReporter -->
<testsuite ignored="0" hostname="DESKTOP-29LRU9L" failures="0" tests="3" name="Registration" time="56.939" errors="0" timestamp="2025-12-25T11:24:24 IST">
  <testcase classname="com.demowebshop.TestCases.RegistrationTest" name="TC_Register_with_valid_data" time="1.212"/>
  <testcase classname="com.demowebshop.TestCases.RegistrationTest" name="TC_All_MandatoryFieldsFilledCorrectly" time="0.893"/>
  <testcase classname="com.demowebshop.TestCases.RegistrationTest" name="tc_ValidEmailIdandInvalidPassword" time="1.538"/>
</testsuite> <!-- Registration -->
