<?xml version="1.0" encoding="UTF-8"?>
<testng-results ignored="0" total="7" passed="7" failed="0" skipped="0">
  <reporter-output>
  </reporter-output>
  <suite started-at="2026-01-02T13:33:00 IST" name="Automation Suite" finished-at="2026-01-02T13:33:34 IST" duration-ms="34072">
    <groups>
    </groups>
    <test started-at="2026-01-02T13:33:00 IST" name="Registration" finished-at="2026-01-02T13:33:34 IST" duration-ms="34072">
      <class name="com.demowebshop.TestCases.LoginTest">
        <test-method is-config="true" signature="setup()[pri:0, instance:com.demowebshop.TestCases.LoginTest@40005471]" started-at="2026-01-02T13:33:00 IST" name="setup" finished-at="2026-01-02T13:33:18 IST" duration-ms="18191" status="PASS">
          <reporter-output>
          </reporter-output>
        </test-method> <!-- setup -->
        <test-method is-config="true" signature="beforLoginTest()[pri:0, instance:com.demowebshop.TestCases.LoginTest@40005471]" started-at="2026-01-02T13:33:18 IST" name="beforLoginTest" finished-at="2026-01-02T13:33:20 IST" duration-ms="1308" status="PASS">
          <reporter-output>
          </reporter-output>
        </test-method> <!-- beforLoginTest -->
        <test-method signature="tc_LoginWithDataProvider(java.lang.String,java.lang.String,java.lang.String,java.lang.String)[pri:0, instance:com.demowebshop.TestCases.LoginTest@40005471]" started-at="2026-01-02T13:33:22 IST" name="tc_LoginWithDataProvider" data-provider="LoginData" finished-at="2026-01-02T13:33:23 IST" duration-ms="1242" status="PASS">
          <params>
            <param index="0">
              <value>
                <![CDATA[]]>
              </value>
            </param>
            <param index="1">
              <value>
                <![CDATA[]]>
              </value>
            </param>
            <param index="2">
              <value>
                <![CDATA[Error]]>
              </value>
            </param>
            <param index="3">
              <value>
                <![CDATA[Login was unsuccessful. Please correct the errors and try again.]]>
              </value>
            </param>
          </params>
          <reporter-output>
          </reporter-output>
        </test-method> <!-- tc_LoginWithDataProvider -->
        <test-method signature="tc_LoginWithDataProvider(java.lang.String,java.lang.String,java.lang.String,java.lang.String)[pri:0, instance:com.demowebshop.TestCases.LoginTest@40005471]" started-at="2026-01-02T13:33:23 IST" name="tc_LoginWithDataProvider" data-provider="LoginData" finished-at="2026-01-02T13:33:24 IST" duration-ms="1190" status="PASS">
          <params>
            <param index="0">
              <value>
                <![CDATA[]]>
              </value>
            </param>
            <param index="1">
              <value>
                <![CDATA[Ramkrish]]>
              </value>
            </param>
            <param index="2">
              <value>
                <![CDATA[Error]]>
              </value>
            </param>
            <param index="3">
              <value>
                <![CDATA[Login was unsuccessful. Please correct the errors and try again.]]>
              </value>
            </param>
          </params>
          <reporter-output>
          </reporter-output>
        </test-method> <!-- tc_LoginWithDataProvider -->
        <test-method signature="tc_LoginWithDataProvider(java.lang.String,java.lang.String,java.lang.String,java.lang.String)[pri:0, instance:com.demowebshop.TestCases.LoginTest@40005471]" started-at="2026-01-02T13:33:24 IST" name="tc_LoginWithDataProvider" data-provider="LoginData" finished-at="2026-01-02T13:33:26 IST" duration-ms="1196" status="PASS">
          <params>
            <param index="0">
              <value>
                <![CDATA[ramakrisha6789@gmail.com]]>
              </value>
            </param>
            <param index="1">
              <value>
                <![CDATA[]]>
              </value>
            </param>
            <param index="2">
              <value>
                <![CDATA[Error]]>
              </value>
            </param>
            <param index="3">
              <value>
                <![CDATA[Login was unsuccessful. Please correct the errors and try again.]]>
              </value>
            </param>
          </params>
          <reporter-output>
          </reporter-output>
        </test-method> <!-- tc_LoginWithDataProvider -->
        <test-method signature="tc_LoginWithDataProvider(java.lang.String,java.lang.String,java.lang.String,java.lang.String)[pri:0, instance:com.demowebshop.TestCases.LoginTest@40005471]" started-at="2026-01-02T13:33:26 IST" name="tc_LoginWithDataProvider" data-provider="LoginData" finished-at="2026-01-02T13:33:27 IST" duration-ms="1123" status="PASS">
          <params>
            <param index="0">
              <value>
                <![CDATA[abcdef@gmail.com]]>
              </value>
            </param>
            <param index="1">
              <value>
                <![CDATA[abc123]]>
              </value>
            </param>
            <param index="2">
              <value>
                <![CDATA[Error]]>
              </value>
            </param>
            <param index="3">
              <value>
                <![CDATA[Login was unsuccessful. Please correct the errors and try again.]]>
              </value>
            </param>
          </params>
          <reporter-output>
          </reporter-output>
        </test-method> <!-- tc_LoginWithDataProvider -->
        <test-method signature="tc_LoginWithDataProvider(java.lang.String,java.lang.String,java.lang.String,java.lang.String)[pri:0, instance:com.demowebshop.TestCases.LoginTest@40005471]" started-at="2026-01-02T13:33:27 IST" name="tc_LoginWithDataProvider" data-provider="LoginData" finished-at="2026-01-02T13:33:28 IST" duration-ms="1189" status="PASS">
          <params>
            <param index="0">
              <value>
                <![CDATA[]]>
              </value>
            </param>
            <param index="1">
              <value>
                <![CDATA[abc123]]>
              </value>
            </param>
            <param index="2">
              <value>
                <![CDATA[Error]]>
              </value>
            </param>
            <param index="3">
              <value>
                <![CDATA[Login was unsuccessful. Please correct the errors and try again.]]>
              </value>
            </param>
          </params>
          <reporter-output>
          </reporter-output>
        </test-method> <!-- tc_LoginWithDataProvider -->
        <test-method signature="tc_LoginWithDataProvider(java.lang.String,java.lang.String,java.lang.String,java.lang.String)[pri:0, instance:com.demowebshop.TestCases.LoginTest@40005471]" started-at="2026-01-02T13:33:28 IST" name="tc_LoginWithDataProvider" data-provider="LoginData" finished-at="2026-01-02T13:33:29 IST" duration-ms="1070" status="PASS">
          <params>
            <param index="0">
              <value>
                <![CDATA[abcdef@gmail.com]]>
              </value>
            </param>
            <param index="1">
              <value>
                <![CDATA[]]>
              </value>
            </param>
            <param index="2">
              <value>
                <![CDATA[Error]]>
              </value>
            </param>
            <param index="3">
              <value>
                <![CDATA[Login was unsuccessful. Please correct the errors and try again.]]>
              </value>
            </param>
          </params>
          <reporter-output>
          </reporter-output>
        </test-method> <!-- tc_LoginWithDataProvider -->
        <test-method signature="tc_LoginWithDataProvider(java.lang.String,java.lang.String,java.lang.String,java.lang.String)[pri:0, instance:com.demowebshop.TestCases.LoginTest@40005471]" started-at="2026-01-02T13:33:29 IST" name="tc_LoginWithDataProvider" data-provider="LoginData" finished-at="2026-01-02T13:33:31 IST" duration-ms="1648" status="PASS">
          <params>
            <param index="0">
              <value>
                <![CDATA[ramakrisha6789@gmail.com]]>
              </value>
            </param>
            <param index="1">
              <value>
                <![CDATA[Ramkrish]]>
              </value>
            </param>
            <param index="2">
              <value>
                <![CDATA[Success]]>
              </value>
            </param>
            <param index="3">
              <value>
                <![CDATA[https://demowebshop.tricentis.com/]]>
              </value>
            </param>
          </params>
          <reporter-output>
          </reporter-output>
        </test-method> <!-- tc_LoginWithDataProvider -->
        <test-method is-config="true" signature="tearDown()[pri:0, instance:com.demowebshop.TestCases.LoginTest@40005471]" started-at="2026-01-02T13:33:31 IST" name="tearDown" finished-at="2026-01-02T13:33:34 IST" duration-ms="3488" status="PASS">
          <reporter-output>
          </reporter-output>
        </test-method> <!-- tearDown -->
      </class> <!-- com.demowebshop.TestCases.LoginTest -->
    </test> <!-- Registration -->
  </suite> <!-- Automation Suite -->
</testng-results>
