<?xml version="1.0" encoding="UTF-8"?>
<testng-results ignored="0" total="1" passed="1" failed="0" skipped="0">
  <reporter-output>
  </reporter-output>
  <suite started-at="2026-01-23T14:50:08 IST" name="DependsOnSuite" finished-at="2026-01-23T14:50:16 IST" duration-ms="7908">
    <groups>
      <group name="login">
        <method signature="TC_ViewProfileTest_004.viewProfileTest()[pri:0, instance:com.demowebshop.TestCases.TC_ViewProfileTest_004@29647f75]" name="viewProfileTest" class="com.demowebshop.TestCases.TC_ViewProfileTest_004"/>
      </group> <!-- login -->
    </groups>
    <test started-at="2026-01-23T14:50:08 IST" name="DependsOnTest" finished-at="2026-01-23T14:50:16 IST" duration-ms="7908">
      <class name="com.demowebshop.TestCases.TC_ViewProfileTest_004">
        <test-method is-config="true" signature="setup()[pri:0, instance:com.demowebshop.TestCases.TC_ViewProfileTest_004@29647f75]" started-at="2026-01-23T14:49:56 IST" name="setup" finished-at="2026-01-23T14:50:08 IST" duration-ms="12157" status="PASS">
          <reporter-output>
          </reporter-output>
        </test-method> <!-- setup -->
        <test-method signature="viewProfileTest()[pri:0, instance:com.demowebshop.TestCases.TC_ViewProfileTest_004@29647f75]" started-at="2026-01-23T14:50:08 IST" name="viewProfileTest" description="DEM-286" finished-at="2026-01-23T14:50:16 IST" duration-ms="7678" status="PASS">
          <reporter-output>
          </reporter-output>
        </test-method> <!-- viewProfileTest -->
        <test-method is-config="true" signature="tearDown()[pri:0, instance:com.demowebshop.TestCases.TC_ViewProfileTest_004@29647f75]" started-at="2026-01-23T14:50:16 IST" name="tearDown" finished-at="2026-01-23T14:50:20 IST" duration-ms="4422" status="PASS">
          <reporter-output>
          </reporter-output>
        </test-method> <!-- tearDown -->
      </class> <!-- com.demowebshop.TestCases.TC_ViewProfileTest_004 -->
    </test> <!-- DependsOnTest -->
  </suite> <!-- DependsOnSuite -->
</testng-results>
