<?xml version="1.0" encoding="UTF-8"?>
<!-- Generated by org.testng.reporters.JUnitReportReporter -->
<testsuite hostname="DESKTOP-29LRU9L" failures="0" tests="7" name="com.demowebshop.TestCases.TC_LoginDDTest_003" time="7.860" errors="0" timestamp="2026-01-05T15:16:59 IST" skipped="0">
  <testcase classname="com.demowebshop.TestCases.TC_LoginDDTest_003" name="tc_LoginWithDataProvider" time="1.029"/>
  <testcase classname="com.demowebshop.TestCases.TC_LoginDDTest_003" name="tc_LoginWithDataProvider" time="1.114"/>
  <testcase classname="com.demowebshop.TestCases.TC_LoginDDTest_003" name="tc_LoginWithDataProvider" time="1.337"/>
  <testcase classname="com.demowebshop.TestCases.TC_LoginDDTest_003" name="tc_LoginWithDataProvider" time="1.056"/>
  <testcase classname="com.demowebshop.TestCases.TC_LoginDDTest_003" name="tc_LoginWithDataProvider" time="0.889"/>
  <testcase classname="com.demowebshop.TestCases.TC_LoginDDTest_003" name="tc_LoginWithDataProvider" time="1.093"/>
  <testcase classname="com.demowebshop.TestCases.TC_LoginDDTest_003" name="tc_LoginWithDataProvider" time="1.342"/>
</testsuite> <!-- com.demowebshop.TestCases.TC_LoginDDTest_003 -->
