<?xml version="1.0" encoding="UTF-8"?>
<!-- Generated by org.testng.reporters.JUnitReportReporter -->
<testsuite hostname="DESKTOP-29LRU9L" failures="0" tests="4" name="com.demowebshop.TestCases.RegistrationTest" time="8.049" errors="0" timestamp="2026-01-02T13:29:48 IST" skipped="0">
  <testcase classname="com.demowebshop.TestCases.RegistrationTest" name="TC_Register_with_valid_data" time="2.827"/>
  <testcase classname="com.demowebshop.TestCases.RegistrationTest" name="TC_All_MandatoryFieldsFilledCorrectly" time="1.572"/>
  <testcase classname="com.demowebshop.TestCases.RegistrationTest" name="tc_ValidEmailIdandInvalidPassword" time="1.844"/>
  <testcase classname="com.demowebshop.TestCases.RegistrationTest" name="tc_InvalidEmailandValidPassword" time="1.806"/>
</testsuite> <!-- com.demowebshop.TestCases.RegistrationTest -->
