<?xml version="1.0" encoding="UTF-8"?>
<!-- Generated by org.testng.reporters.JUnitReportReporter -->
<testsuite hostname="DESKTOP-29LRU9L" failures="0" tests="3" name="com.demowebshop.TestCases.RegistrationTest" time="8.940" errors="0" timestamp="2025-12-27T12:26:34 IST" skipped="0">
  <testcase classname="com.demowebshop.TestCases.RegistrationTest" name="TC_Register_with_valid_data" time="5.105"/>
  <testcase classname="com.demowebshop.TestCases.RegistrationTest" name="TC_All_MandatoryFieldsFilledCorrectly" time="1.834"/>
  <testcase classname="com.demowebshop.TestCases.RegistrationTest" name="tc_ValidEmailIdandInvalidPassword" time="2.001"/>
</testsuite> <!-- com.demowebshop.TestCases.RegistrationTest -->
