<?xml version="1.0" encoding="UTF-8"?>
<!-- Generated by org.testng.reporters.JUnitReportReporter -->
<testsuite hostname="DESKTOP-29LRU9L" failures="0" tests="7" name="com.demowebshop.TestCases.TC_LoginDDTest_003" time="12.502" errors="0" timestamp="2026-01-02T19:41:07 IST" skipped="0">
  <testcase classname="com.demowebshop.TestCases.TC_LoginDDTest_003" name="tc_LoginWithDataProvider" time="1.932"/>
  <testcase classname="com.demowebshop.TestCases.TC_LoginDDTest_003" name="tc_LoginWithDataProvider" time="2.132"/>
  <testcase classname="com.demowebshop.TestCases.TC_LoginDDTest_003" name="tc_LoginWithDataProvider" time="1.953"/>
  <testcase classname="com.demowebshop.TestCases.TC_LoginDDTest_003" name="tc_LoginWithDataProvider" time="1.223"/>
  <testcase classname="com.demowebshop.TestCases.TC_LoginDDTest_003" name="tc_LoginWithDataProvider" time="1.604"/>
  <testcase classname="com.demowebshop.TestCases.TC_LoginDDTest_003" name="tc_LoginWithDataProvider" time="1.867"/>
  <testcase classname="com.demowebshop.TestCases.TC_LoginDDTest_003" name="tc_LoginWithDataProvider" time="1.791"/>
</testsuite> <!-- com.demowebshop.TestCases.TC_LoginDDTest_003 -->
