<?xml version="1.0" encoding="UTF-8"?>
<!-- Generated by org.testng.reporters.JUnitReportReporter -->
<testsuite hostname="DESKTOP-29LRU9L" failures="0" tests="7" name="com.demowebshop.TestCases.LoginTest" time="7.666" errors="0" timestamp="2026-01-02T14:54:15 IST" skipped="0">
  <testcase classname="com.demowebshop.TestCases.LoginTest" name="tc_LoginWithDataProvider" time="1.204"/>
  <testcase classname="com.demowebshop.TestCases.LoginTest" name="tc_LoginWithDataProvider" time="1.015"/>
  <testcase classname="com.demowebshop.TestCases.LoginTest" name="tc_LoginWithDataProvider" time="0.868"/>
  <testcase classname="com.demowebshop.TestCases.LoginTest" name="tc_LoginWithDataProvider" time="1.493"/>
  <testcase classname="com.demowebshop.TestCases.LoginTest" name="tc_LoginWithDataProvider" time="1.179"/>
  <testcase classname="com.demowebshop.TestCases.LoginTest" name="tc_LoginWithDataProvider" time="1.017"/>
  <testcase classname="com.demowebshop.TestCases.LoginTest" name="tc_LoginWithDataProvider" time="0.890"/>
</testsuite> <!-- com.demowebshop.TestCases.LoginTest -->
