<?xml version="1.0" encoding="UTF-8"?>
<!-- Generated by org.testng.reporters.JUnitReportReporter -->
<testsuite hostname="DESKTOP-29LRU9L" failures="0" tests="7" name="com.demowebshop.TestCases.LoginTest" time="8.658" errors="0" timestamp="2026-01-02T13:33:34 IST" skipped="0">
  <testcase classname="com.demowebshop.TestCases.LoginTest" name="tc_LoginWithDataProvider" time="1.196"/>
  <testcase classname="com.demowebshop.TestCases.LoginTest" name="tc_LoginWithDataProvider" time="1.123"/>
  <testcase classname="com.demowebshop.TestCases.LoginTest" name="tc_LoginWithDataProvider" time="1.070"/>
  <testcase classname="com.demowebshop.TestCases.LoginTest" name="tc_LoginWithDataProvider" time="1.190"/>
  <testcase classname="com.demowebshop.TestCases.LoginTest" name="tc_LoginWithDataProvider" time="1.242"/>
  <testcase classname="com.demowebshop.TestCases.LoginTest" name="tc_LoginWithDataProvider" time="1.189"/>
  <testcase classname="com.demowebshop.TestCases.LoginTest" name="tc_LoginWithDataProvider" time="1.648"/>
</testsuite> <!-- com.demowebshop.TestCases.LoginTest -->
